<?xml version="1.0" encoding="utf-8"?><testsuites name="pytest tests"><testsuite name="pytest" errors="0" failures="0" skipped="1" tests="231" time="39.093" timestamp="2026-09-12T08:40:00.651511-06:00" hostname="desarrolloab-HP-ZBook-Fury-16-G9-Mobile-Workstation-PC"><testcase classname="" name="tests.export.test_tflite_export" time="0.000"><skipped message="collection skipped">('/home/desarrolloab/Documentos/ML/Clasificador/maize-doctor-classifier/tests/export/test_tflite_export.py', 11, "Skipped: could not import 'litert_torch': No module named 'litert_torch'")</skipped></testcase><testcase classname="tests.analysis.test_fairness" name="test_compute_subgroup_metrics_exact" time="0.014" /><testcase classname="tests.analysis.test_fairness" name="test_compute_disparity_metrics_perfect_and_disparate" time="0.015" /><testcase classname="tests.analysis.test_fairness" name="test_evaluate_background_shortcut" time="0.016" /><testcase classname="tests.analysis.test_fairness" name="test_plot_generation" time="0.449" /><testcase classname="tests.analysis.test_fairness_integrity" name="test_absent_class_is_undefined_and_single_group_insufficient" time="0.006" /><testcase classname="tests.analysis.test_fairness_integrity" name="test_comparison_uses_common_class_support" time="0.009" /><testcase classname="tests.analysis.test_fairness_integrity" name="test_rectangles_cover_36_and_64_percent_and_are_complementary" time="0.002" /><testcase classname="tests.analysis.test_fairness_integrity" name="test_confidence_tracks_original_class_even_when_prediction_flips" time="0.002" /><testcase classname="tests.data.test_clahe" name="test_clahe_preserva_el_tono" time="0.076" /><testcase classname="tests.data.test_clahe" name="test_clahe_aumenta_el_contraste_dentro_de_cada_region" time="0.002" /><testcase classname="tests.data.test_clahe" name="test_clahe_preserva_el_tono_en_imagen_real" time="0.239" /><testcase classname="tests.data.test_clahe" name="test_clahe_es_determinista" time="0.002" /><testcase classname="tests.data.test_clahe" name="test_clahe_devuelve_rgb_del_mismo_tamano" time="0.001" /><testcase classname="tests.data.test_clahe" name="test_factory_sin_clahe_no_lo_inyecta" time="0.003" /><testcase classname="tests.data.test_clahe" name="test_factory_con_clahe_lo_inyecta_en_los_cuatro_pipelines" time="0.003" /><testcase classname="tests.data.test_cross_validation" name="test_hierarchical_kfold_splitter_disjoint_and_stratified" time="0.024" /><testcase classname="tests.data.test_cross_validation" name="test_compute_aggregate_statistics" time="0.001" /><testcase classname="tests.data.test_cross_validation" name="test_plot_kfold_boxplot" time="0.100" /><testcase classname="tests.data.test_cross_validation" name="test_plot_test_confusion_matrix" time="0.242" /><testcase classname="tests.data.test_cross_validation" name="test_load_best_params_if_available" time="0.001" /><testcase classname="tests.data.test_identity_integrity" name="test_bad_image_never_substituted[False]" time="0.021" /><testcase classname="tests.data.test_identity_integrity" name="test_bad_image_never_substituted[True]" time="0.037" /><testcase classname="tests.data.test_identity_integrity" name="test_identity_survives_filter_reorder_and_shuffled_inference" time="0.028" /><testcase classname="tests.data.test_identity_integrity" name="test_unidentified_predictions_rejected" time="0.018" /><testcase classname="tests.data.test_identity_integrity" name="test_duplicate_ids_rejected" time="0.002" /><testcase classname="tests.data.test_near_duplicate_candidates" name="test_candidate_search_matches_brute_force" time="0.001" /><testcase classname="tests.data.test_preparation_integrity" name="test_download_failure_keeps_original_and_separates_attempts" time="0.002" /><testcase classname="tests.data.test_preparation_integrity" name="test_related_samples_stay_together_in_split_and_cv" time="0.006" /><testcase classname="tests.data.test_preparation_integrity" name="test_explicit_quarantine_and_path_groups_preserve_originals" time="0.127" /><testcase classname="tests.data.test_preparation_integrity" name="test_reviewed_groups_require_nonempty_review_metadata[None-same capture]" time="0.010" /><testcase classname="tests.data.test_preparation_integrity" name="test_reviewed_groups_require_nonempty_review_metadata[person- ]" time="0.009" /><testcase classname="tests.data.test_provenance_integrity" name="test_cache_invalidates_relevant_changes[order]" time="0.009" /><testcase classname="tests.data.test_provenance_integrity" name="test_cache_invalidates_relevant_changes[file]" time="0.009" /><testcase classname="tests.data.test_provenance_integrity" name="test_cache_invalidates_relevant_changes[preprocessing]" time="0.010" /><testcase classname="tests.data.test_provenance_integrity" name="test_cache_invalidates_relevant_changes[weights]" time="0.009" /><testcase classname="tests.data.test_provenance_integrity" name="test_altered_master_blocks_holdout_even_if_holdout_file_unchanged" time="0.008" /><testcase classname="tests.etapa_2.test_embedding_independence" name="test_embedding_same_alone_with_other_model_and_when_other_cached" time="0.058" /><testcase classname="tests.etapa_2.test_final_recovery" name="test_final_recovery_freezes_selection_and_does_not_repeat_completed_work" time="0.011" /><testcase classname="tests.etapa_2.test_stage2_experiments" name="test_source_parser_preserves_compound_source_name" time="0.001" /><testcase classname="tests.etapa_2.test_stage2_experiments" name="test_fingerprint_is_independent_of_row_order" time="0.002" /><testcase classname="tests.etapa_2.test_stage2_experiments" name="test_probe_smoke_test_returns_nine_probabilities" time="0.015" /><testcase classname="tests.etapa_2.test_stage2_experiments" name="test_numeric_probe_roundtrip_matches_sklearn" time="0.015" /><testcase classname="tests.explainability.test_agreement" name="test_densify_places_weights_at_their_segment_index" time="0.001" /><testcase classname="tests.explainability.test_agreement" name="test_top_positive_mask_ignores_negative_values" time="0.001" /><testcase classname="tests.explainability.test_agreement" name="test_top_positive_mask_with_no_positive_values_is_empty" time="0.000" /><testcase classname="tests.explainability.test_agreement" name="test_identical_vectors_agree_completely" time="0.002" /><testcase classname="tests.explainability.test_agreement" name="test_opposite_vectors_disagree_completely" time="0.001" /><testcase classname="tests.explainability.test_agreement" name="test_constant_vector_yields_zero_correlation" time="0.001" /><testcase classname="tests.explainability.test_agreement" name="test_mismatched_lengths_are_rejected" time="0.001" /><testcase classname="tests.explainability.test_compare_report" name="test_fixture_segmentation_has_multiple_segments" time="0.002" /><testcase classname="tests.explainability.test_compare_report" name="test_writes_png_and_sidecars" time="0.324" /><testcase classname="tests.explainability.test_compare_report" name="test_result_reports_prediction_and_agreement" time="0.249" /><testcase classname="tests.explainability.test_compare_report" name="test_sidecar_holds_both_attribution_vectors" time="0.275" /><testcase classname="tests.explainability.test_compare_report" name="test_lime_and_shap_share_the_segmentation" time="0.280" /><testcase classname="tests.explainability.test_compare_report" name="test_black_background_is_reliable_and_does_not_warn" time="0.267" /><testcase classname="tests.explainability.test_compare_report" name="test_non_black_background_flips_the_flag_and_warns" time="0.287" /><testcase classname="tests.explainability.test_compare_report" name="test_lime_and_shap_receive_the_identical_segmentation_array" time="0.282" /><testcase classname="tests.explainability.test_config" name="test_shap_block_has_every_required_key" time="0.003" /><testcase classname="tests.explainability.test_config" name="test_shap_block_values_are_supported" time="0.003" /><testcase classname="tests.explainability.test_config" name="test_shap_library_is_importable" time="0.000" /><testcase classname="tests.explainability.test_explain_cli" name="test_every_subcommand_is_registered" time="0.002" /><testcase classname="tests.explainability.test_explain_cli" name="test_common_flags_are_available_everywhere[compare]" time="0.002" /><testcase classname="tests.explainability.test_explain_cli" name="test_common_flags_are_available_everywhere[errors]" time="0.002" /><testcase classname="tests.explainability.test_explain_cli" name="test_common_flags_are_available_everywhere[fidelity]" time="0.002" /><testcase classname="tests.explainability.test_explain_cli" name="test_common_flags_are_available_everywhere[global]" time="0.002" /><testcase classname="tests.explainability.test_explain_cli" name="test_common_flags_are_available_everywhere[visual]" time="0.001" /><testcase classname="tests.explainability.test_explain_cli" name="test_visual_accepts_a_single_image" time="0.001" /><testcase classname="tests.explainability.test_explain_cli" name="test_fidelity_accepts_sampling_overrides" time="0.001" /><testcase classname="tests.explainability.test_explain_cli" name="test_a_subcommand_is_required" time="0.002" /><testcase classname="tests.explainability.test_explain_cli" name="test_visual_fails_fast_when_requested_run_is_missing" time="0.001" /><testcase classname="tests.explainability.test_explain_cli" name="test_load_visual_report_functions_reports_missing_xai_dependency" time="0.001" /><testcase classname="tests.explainability.test_explain_cli" name="test_compare_accepts_shap_overrides" time="0.001" /><testcase classname="tests.explainability.test_explain_cli" name="test_main_dispatches_compare_and_global_to_their_handlers" time="0.003" /><testcase classname="tests.explainability.test_explain_cli" name="test_cmd_global_skips_cleanly_when_nothing_could_be_accumulated" time="0.008" /><testcase classname="tests.explainability.test_global_report" name="test_attribution_on_the_leaf_yields_ratio_one" time="0.006" /><testcase classname="tests.explainability.test_global_report" name="test_attribution_on_the_background_yields_ratio_zero" time="0.006" /><testcase classname="tests.explainability.test_global_report" name="test_degenerate_mask_is_rejected_and_flags_the_class" time="0.006" /><testcase classname="tests.explainability.test_global_report" name="test_class_map_averages_over_the_accumulated_images" time="0.001" /><testcase classname="tests.explainability.test_global_report" name="test_ratio_undefined_when_attribution_is_entirely_non_positive" time="0.006" /><testcase classname="tests.explainability.test_global_report" name="test_ratio_reliable_is_true_exactly_at_the_30_percent_boundary" time="0.006" /><testcase classname="tests.explainability.test_global_report" name="test_write_global_report_emits_maps_and_summary" time="0.245" /><testcase classname="tests.explainability.test_global_report" name="test_fresh_accumulator_reports_itself_as_empty" time="0.000" /><testcase classname="tests.explainability.test_global_report" name="test_accumulator_is_not_empty_after_one_image" time="0.001" /><testcase classname="tests.explainability.test_kernel_shap" name="test_matches_exact_shapley_values" time="0.003" /><testcase classname="tests.explainability.test_kernel_shap" name="test_is_additive" time="0.003" /><testcase classname="tests.explainability.test_kernel_shap" name="test_expected_value_is_the_fully_masked_prediction" time="0.003" /><testcase classname="tests.explainability.test_kernel_shap" name="test_is_deterministic_when_coalitions_are_sampled" time="0.004" /><testcase classname="tests.explainability.test_kernel_shap" name="test_does_not_leak_the_global_random_state" time="0.002" /><testcase classname="tests.explainability.test_kernel_shap" name="test_black_background_is_all_zeros" time="0.001" /><testcase classname="tests.explainability.test_kernel_shap" name="test_mean_background_is_constant_per_channel" time="0.001" /><testcase classname="tests.explainability.test_kernel_shap" name="test_rejects_unknown_background" time="0.001" /><testcase classname="tests.explainability.test_leaf_mask" name="test_detects_the_green_half" time="0.001" /><testcase classname="tests.explainability.test_leaf_mask" name="test_coverage_matches_the_green_fraction" time="0.001" /><testcase classname="tests.explainability.test_leaf_mask" name="test_uniform_image_yields_degenerate_coverage" time="0.001" /><testcase classname="tests.explainability.test_leaf_mask" name="test_healthy_coverage_is_not_degenerate" time="0.000" /><testcase classname="tests.explainability.test_segmentation" name="test_labels_are_consecutive_from_zero" time="0.005" /><testcase classname="tests.explainability.test_segmentation" name="test_is_deterministic_across_calls" time="0.009" /><testcase classname="tests.explainability.test_segmentation" name="test_shape_matches_the_image" time="0.005" /><testcase classname="tests.explainability.test_segmentation" name="test_quickshift_is_supported" time="0.021" /><testcase classname="tests.explainability.test_segmentation" name="test_rejects_unknown_algorithm" time="0.001" /><testcase classname="tests.explainability.test_visual_report" name="test_without_segments_lime_keeps_its_own_segmentation" time="0.532" /><testcase classname="tests.explainability.test_visual_report" name="test_segments_are_forwarded_to_lime" time="0.260" /><testcase classname="tests.explainability.test_visual_report" name="test_writes_png_and_sidecars" time="0.251" /><testcase classname="tests.explainability.test_visual_report" name="test_explain_model_visual_writes_under_explain_visual" time="0.747" /><testcase classname="tests.export.test_common" name="test_parse_export_formats_csv" time="0.001" /><testcase classname="tests.export.test_common" name="test_parse_export_formats_espacios_y_mayusculas" time="0.001" /><testcase classname="tests.export.test_common" name="test_parse_export_formats_vacio" time="0.000" /><testcase classname="tests.export.test_common" name="test_parse_export_formats_desconocido" time="0.001" /><testcase classname="tests.export.test_common" name="test_parse_export_formats_deduplica" time="0.000" /><testcase classname="tests.export.test_common" name="test_resolve_export_inputs_sin_summary" time="0.001" /><testcase classname="tests.export.test_common" name="test_resolve_export_inputs_lee_summary" time="0.005" /><testcase classname="tests.export.test_common" name="test_write_export_summary_crea_export_dir" time="0.004" /><testcase classname="tests.export.test_common" name="test_write_export_summary_incluye_sha256_del_artefacto" time="0.003" /><testcase classname="tests.export.test_common" name="test_write_export_summary_sha256_none_si_no_hay_output_path" time="0.003" /><testcase classname="tests.export.test_common" name="test_export_to_tflite_sin_dependencia_levanta_error_claro" time="0.002" /><testcase classname="tests.export.test_common" name="test_write_labels_json_ordena_por_indice" time="0.002" /><testcase classname="tests.export.test_common" name="test_write_labels_json_incluye_schema_version" time="0.002" /><testcase classname="tests.export.test_common" name="test_write_labels_json_indice_no_contiguo_levanta_error" time="0.001" /><testcase classname="tests.export.test_evaluate" name="test_evaluacion_perfecta" time="0.005" /><testcase classname="tests.export.test_evaluate" name="test_per_class_y_support_cubren_todas_las_clases" time="0.004" /><testcase classname="tests.export.test_evaluate" name="test_desglose_por_entorno" time="0.005" /><testcase classname="tests.export.test_evaluate" name="test_degradacion_vs_torch_queda_registrada" time="0.009" /><testcase classname="tests.export.test_evaluate" name="test_write_evaluation_separa_fp32_de_int8" time="0.007" /><testcase classname="tests.export.test_onnx_export" name="test_export_to_onnx_produce_archivo" time="5.112" /><testcase classname="tests.export.test_onnx_export" name="test_validate_onnx_parity_pasa_para_el_mismo_modelo" time="4.092" /><testcase classname="tests.export.test_orchestrator" name="test_export_model_onnx_escribe_artefactos_y_pasa_paridad" time="4.369" /><testcase classname="tests.export.test_orchestrator" name="test_export_model_formato_desconocido_no_bloquea_los_demas" time="4.620" /><testcase classname="tests.export.test_orchestrator" name="test_export_model_sin_test_loader_omite_paridad" time="4.447" /><testcase classname="tests.export.test_quantize" name="test_parse_quantize_int8" time="0.001" /><testcase classname="tests.export.test_quantize" name="test_parse_quantize_vacio_es_fp32" time="0.001" /><testcase classname="tests.export.test_quantize" name="test_parse_quantize_desconocido" time="0.001" /><testcase classname="tests.export.test_quantize" name="test_export_artifact_name_fp32_no_lleva_sufijo" time="0.001" /><testcase classname="tests.export.test_quantize" name="test_export_artifact_name_cuantizado_no_pisa_al_fp32" time="0.001" /><testcase classname="tests.export.test_quantize" name="test_umbrales_de_paridad_se_relajan_al_cuantizar" time="0.001" /><testcase classname="tests.models.test_ensemble" name="test_ensemble_validation_errors" time="0.001" /><testcase classname="tests.models.test_ensemble" name="test_ensemble_uniform_weights" time="0.002" /><testcase classname="tests.models.test_ensemble" name="test_ensemble_weighted_voting" time="0.001" /><testcase classname="tests.models.test_ensemble" name="test_ensemble_forward_logits_compatibility" time="0.001" /><testcase classname="tests.models.test_feature_exposed" name="test_forward_returns_logits_and_pooled_features[efficientnet_b0]" time="0.071" /><testcase classname="tests.models.test_feature_exposed" name="test_forward_returns_logits_and_pooled_features[efficientnet_b4]" time="0.568" /><testcase classname="tests.models.test_feature_exposed" name="test_forward_returns_logits_and_pooled_features[efficientnet_lite0]" time="0.066" /><testcase classname="tests.models.test_feature_exposed" name="test_forward_returns_logits_and_pooled_features[fastvit_t8]" time="0.098" /><testcase classname="tests.models.test_feature_exposed" name="test_forward_returns_logits_and_pooled_features[ghostnetv2_100]" time="0.080" /><testcase classname="tests.models.test_feature_exposed" name="test_forward_returns_logits_and_pooled_features[mobilenet_v3_large]" time="0.062" /><testcase classname="tests.models.test_feature_exposed" name="test_forward_returns_logits_and_pooled_features[mobilenet_v3_small]" time="0.034" /><testcase classname="tests.models.test_feature_exposed" name="test_forward_returns_logits_and_pooled_features[shufflenet_v2_x1_0]" time="0.028" /><testcase classname="tests.models.test_feature_exposed" name="test_unknown_torchvision_model_falls_back_to_probed_dim" time="0.014" /><testcase classname="tests.pipeline.test_compute_ood_stats" name="test_l2_normalize_produces_unit_norm_vectors" time="0.001" /><testcase classname="tests.pipeline.test_compute_ood_stats" name="test_regularize_covariance_adds_ridge_proportional_to_trace" time="0.001" /><testcase classname="tests.pipeline.test_compute_ood_stats" name="test_regularize_covariance_makes_singular_matrix_invertible" time="0.001" /><testcase classname="tests.pipeline.test_compute_ood_stats" name="test_mahalanobis_to_mean_matches_squared_euclidean_with_identity_covariance" time="0.001" /><testcase classname="tests.pipeline.test_compute_ood_stats" name="test_fit_pca_retains_only_components_up_to_explained_variance" time="0.003" /><testcase classname="tests.pipeline.test_compute_ood_stats" name="test_apply_pca_centers_and_projects" time="0.001" /><testcase classname="tests.pipeline.test_compute_ood_stats" name="test_pca_reduction_removes_noise_floor_domination_from_inverse_covariance" time="0.043" /><testcase classname="tests.pipeline.test_compute_ood_stats" name="test_rmd_cancels_dimensions_shared_between_class_and_background_models" time="0.001" /><testcase classname="tests.pipeline.test_development_pilot" name="test_structural_paired_pilot_never_loads_test_images" time="3.265" /><testcase classname="tests.pipeline.test_make_contracts" name="test_predict_respects_explicit_model_and_run" time="0.006" /><testcase classname="tests.pipeline.test_make_contracts" name="test_modal_hpo_false_flag_and_split_are_forwarded_without_launching" time="0.002" /><testcase classname="tests.pipeline.test_repair_contracts" name="test_cli_overrides_hpo_including_false" time="0.004" /><testcase classname="tests.pipeline.test_repair_contracts" name="test_exif_clahe_tensor_agrees_between_xai_and_training" time="0.012" /><testcase classname="tests.pipeline.test_repair_contracts" name="test_segmented_resume_no_collision_and_original_splits" time="0.065" /><testcase classname="tests.pipeline.test_repair_contracts" name="test_empty_class_directories_do_not_mean_complete_download" time="0.001" /><testcase classname="tests.pipeline.test_sync_mobile_model" name="test_sync_mobile_model_copia_y_escribe_manifest" time="0.016" /><testcase classname="tests.pipeline.test_sync_mobile_model" name="test_sync_mobile_model_detecta_hash_incorrecto" time="0.011" /><testcase classname="tests.pipeline.test_sync_mobile_model" name="test_sync_mobile_model_formato_ausente_en_summary" time="0.014" /><testcase classname="tests.pipeline.test_sync_mobile_model" name="test_preflight_preserves_previous_bundle[parity]" time="0.010" /><testcase classname="tests.pipeline.test_sync_mobile_model" name="test_preflight_preserves_previous_bundle[drop]" time="0.012" /><testcase classname="tests.pipeline.test_sync_mobile_model" name="test_preflight_preserves_previous_bundle[missing_ood]" time="0.011" /><testcase classname="tests.pipeline.test_sync_mobile_model" name="test_preflight_preserves_previous_bundle[stale_ood]" time="0.020" /><testcase classname="tests.pipeline.test_sync_mobile_model" name="test_preflight_preserves_previous_bundle[labels]" time="0.010" /><testcase classname="tests.pipeline.test_sync_mobile_model" name="test_commit_failure_rolls_back" time="0.015" /><testcase classname="tests.test_cpu_repair_integration" name="test_real_cpu_pipeline" time="0.770" /><testcase classname="tests.test_segmentation" name="test_geometry_and_mask_operations" time="0.001" /><testcase classname="tests.test_segmentation" name="test_segmented_leaf_processor" time="0.004" /><testcase classname="tests.test_segmentation_quality" name="test_empty_and_total_masks_are_rejected" time="0.001" /><testcase classname="tests.test_segmentation_quality" name="test_near_total_mask_is_uncertain" time="0.002" /><testcase classname="tests.test_segmentation_quality" name="test_tied_candidates_multiple_components_and_crop_loss_are_recorded" time="0.002" /><testcase classname="tests.test_segmentation_quality" name="test_segmenter_cache_is_keyed_by_checkpoint_content" time="0.001" /><testcase classname="tests.test_smoke" name="test_tmp_splits_dir_tiene_las_columnas_esperadas" time="0.011" /><testcase classname="tests.test_smoke" name="test_distribucion_desbalanceada" time="0.010" /><testcase classname="tests.training.test_artifacts" name="test_escribe_los_tres_artefactos" time="0.020" /><testcase classname="tests.training.test_artifacts" name="test_calibracion_separa_confianza_de_aciertos_y_fallos" time="0.019" /><testcase classname="tests.training.test_artifacts" name="test_environment_incluye_la_n_por_fila" time="0.021" /><testcase classname="tests.training.test_artifacts" name="test_environment_csv_permite_leer_f1_de_una_clase_en_un_entorno" time="0.024" /><testcase classname="tests.training.test_artifacts" name="test_agrupado_npk_mejora_sobre_el_desagrupado" time="0.021" /><testcase classname="tests.training.test_artifacts" name="test_summary_es_json_valido" time="0.011" /><testcase classname="tests.training.test_baseline_regression" name="test_una_epoca_es_reproducible" time="0.474" /><testcase classname="tests.training.test_baseline_regression" name="test_historial_tiene_las_claves_del_csv_publicado" time="0.244" /><testcase classname="tests.training.test_best_epoch_integrity" name="test_restores_best_epoch_even_without_run_dir[True]" time="0.010" /><testcase classname="tests.training.test_best_epoch_integrity" name="test_restores_best_epoch_even_without_run_dir[False]" time="0.002" /><testcase classname="tests.training.test_best_epoch_integrity" name="test_metrics_are_computed_independently" time="0.005" /><testcase classname="tests.training.test_evaluation" name="test_ece_es_cero_con_confianza_perfectamente_calibrada" time="0.001" /><testcase classname="tests.training.test_evaluation" name="test_ece_es_uno_con_sobreconfianza_total" time="0.001" /><testcase classname="tests.training.test_evaluation" name="test_ece_calculado_a_mano" time="0.001" /><testcase classname="tests.training.test_evaluation" name="test_ece_no_pierde_muestras_con_confianza_cero" time="0.001" /><testcase classname="tests.training.test_evaluation" name="test_ece_pesos_de_bins_suman_uno_sin_perder_muestras" time="0.001" /><testcase classname="tests.training.test_evaluation" name="test_compute_calibration_metrics_valores_calculados_a_mano" time="0.002" /><testcase classname="tests.training.test_evaluation" name="test_metricas_por_environment_separan_lab_y_real" time="0.011" /><testcase classname="tests.training.test_evaluation" name="test_environment_expone_f1_por_clase_con_su_n" time="0.012" /><testcase classname="tests.training.test_evaluation" name="test_environment_incluye_clases_solo_predichas_con_n_cero" time="0.012" /><testcase classname="tests.training.test_evaluation" name="test_agrupado_npk_convierte_confusion_interna_en_acierto" time="0.007" /><testcase classname="tests.training.test_evaluation" name="test_agrupado_no_oculta_errores_fuera_del_bloque" time="0.006" /><testcase classname="tests.training.test_loop_loss" name="test_perdida_con_pesos_iguala_el_promedio_ponderado_manual" time="0.004" /><testcase classname="tests.training.test_loop_loss" name="test_perdida_con_pesos_difiere_del_promedio_por_tamano_de_batch" time="0.006" /><testcase classname="tests.training.test_loop_loss" name="test_perdida_sin_pesos_es_el_promedio_simple_por_muestra" time="0.005" /><testcase classname="tests.training.test_loop_loss" name="test_perdida_sin_pesos_coincide_con_ponderar_por_tamano_de_batch" time="0.004" /><testcase classname="tests.training.test_losses" name="test_strategy_none_no_devuelve_pesos" time="0.001" /><testcase classname="tests.training.test_losses" name="test_inverse_da_ratio_igual_al_desbalance" time="0.001" /><testcase classname="tests.training.test_losses" name="test_sqrt_inverse_comprime_el_ratio" time="0.001" /><testcase classname="tests.training.test_losses" name="test_los_pesos_respetan_el_orden_de_class_to_idx" time="0.001" /><testcase classname="tests.training.test_losses" name="test_estrategia_desconocida_falla" time="0.001" /><testcase classname="tests.training.test_losses" name="test_build_criterion_propaga_label_smoothing" time="0.001" /><testcase classname="tests.training.test_losses" name="test_build_criterion_sin_pesos_equivale_a_crossentropy_plana" time="0.001" /><testcase classname="tests.training.test_optim" name="test_kind_none_no_devuelve_scheduler" time="0.001" /><testcase classname="tests.training.test_optim" name="test_warmup_arranca_por_debajo_del_lr_base" time="0.001" /><testcase classname="tests.training.test_optim" name="test_warmup_alcanza_el_lr_base_al_terminar" time="0.001" /><testcase classname="tests.training.test_optim" name="test_cosine_desciende_tras_el_warmup" time="0.001" /><testcase classname="tests.training.test_optim" name="test_early_stopping_dispara_tras_patience_epocas_sin_mejora" time="0.001" /><testcase classname="tests.training.test_optim" name="test_early_stopping_se_reinicia_con_una_mejora" time="0.001" /><testcase classname="tests.training.test_optim" name="test_min_delta_ignora_mejoras_insignificantes" time="0.001" /><testcase classname="tests.training.test_run_contracts" name="test_missing_explicit_run_does_not_select_other_run" time="0.005" /><testcase classname="tests.training.test_run_contracts" name="test_architecture_and_weights_must_match" time="0.011" /><testcase classname="tests.training.test_run_contracts" name="test_reordered_classes_cannot_be_averaged" time="0.013" /><testcase classname="tests.training.test_run_contracts" name="test_hpo_rejects_other_schema_and_invalid_values[params0]" time="0.002" /><testcase classname="tests.training.test_run_contracts" name="test_hpo_rejects_other_schema_and_invalid_values[params1]" time="0.002" /><testcase classname="tests.training.test_run_contracts" name="test_hpo_rejects_other_schema_and_invalid_values[params2]" time="0.001" /><testcase classname="tests.training.test_run_contracts" name="test_hpo_rejects_other_schema_and_invalid_values[params3]" time="0.002" /><testcase classname="tests.training.test_tuning" name="test_hyperparameter_space_defaults" time="0.001" /><testcase classname="tests.training.test_tuning" name="test_sample_parameters" time="0.004" /><testcase classname="tests.training.test_tuning" name="test_export_tuning_artifacts" time="0.258" /></testsuite></testsuites>