<?xml version="1.0" encoding="utf-8"?><testsuites name="pytest tests"><testsuite name="pytest" errors="0" failures="0" skipped="0" tests="2" time="13.516" timestamp="2026-09-12T08:32:38.349402-06:00" hostname="desarrolloab-HP-ZBook-Fury-16-G9-Mobile-Workstation-PC"><testcase classname="tests.export.test_tflite_export" name="test_export_to_tflite_produce_archivo" time="9.018" /><testcase classname="tests.export.test_tflite_export" name="test_tflite_logits_and_features_runtime_parity" time="0.413" /></testsuite></testsuites>